<?xml version="1.0" encoding="UTF-8"?>
<testsuite name="workshop05code.AppTest" tests="1" skipped="0" failures="0" errors="0" timestamp="2025-03-27T22:21:27.949Z" hostname="subhams-Laptop.local" time="0.009">
  <properties/>
  <testcase name="appHasAGreeting()" classname="workshop05code.AppTest" time="0.009"/>
  <system-out><![CDATA[]]></system-out>
  <system-err><![CDATA[]]></system-err>
</testsuite>
